\BOOKMARK [1][-]{section.1}{\376\377\230\171\166\356\176\374\217\360}{}% 1
\BOOKMARK [1][-]{section.2}{\376\377\142\020\147\234\134\125\171\072}{}% 2
\BOOKMARK [1][-]{section.3}{\376\377\117\341\140\157\203\267\123\326\123\312\145\164\164\006}{}% 3
\BOOKMARK [2][-]{subsection.3.1}{\376\377\117\341\140\157\203\267\123\326\040\024\040\024\162\054\206\153}{section.3}% 4
\BOOKMARK [2][-]{subsection.3.2}{\376\377\117\341\140\157\145\164\164\006}{section.3}% 5
\BOOKMARK [1][-]{section.4}{\376\377\136\372\172\313\175\042\137\025}{}% 6
\BOOKMARK [2][-]{subsection.4.1}{\376\377\000L\000u\000c\000e\000n\000e\166\204\134\035\213\325}{section.4}% 7
\BOOKMARK [2][-]{subsection.4.2}{\376\377\000E\000S\136\372\172\313\147\000\176\310\175\042\137\025}{section.4}% 8
\BOOKMARK [3][-]{subsubsection.4.2.1}{\376\377\122\035\153\145\175\042\137\025}{subsection.4.2}% 9
\BOOKMARK [3][-]{subsubsection.4.2.2}{\376\377\146\364\145\260\175\042\137\025}{subsection.4.2}% 10
\BOOKMARK [3][-]{subsubsection.4.2.3}{\376\377\176\331\213\327\221\115\126\376}{subsection.4.2}% 11
\BOOKMARK [1][-]{section.5}{\376\377\124\016\172\357\133\236\163\260}{}% 12
\BOOKMARK [2][-]{subsection.5.1}{\376\377\177\121\172\331\147\266\147\204}{section.5}% 13
\BOOKMARK [2][-]{subsection.5.2}{\376\377\175\042\137\025\144\034\175\042}{section.5}% 14
\BOOKMARK [3][-]{subsubsection.5.2.1}{\376\377\145\207\147\054\144\034\175\042}{subsection.5.2}% 15
\BOOKMARK [3][-]{subsubsection.5.2.2}{\376\377\126\376\162\107\144\034\175\042}{subsection.5.2}% 16
\BOOKMARK [1][-]{section.6}{\376\377\126\376\162\107\000-\213\327\153\114\165\037\142\020\152\041\127\213}{}% 17
\BOOKMARK [2][-]{subsection.6.1}{\376\377\126\376\120\317\162\171\137\201\143\320\123\326}{section.6}% 18
\BOOKMARK [2][-]{subsection.6.2}{\376\377\162\171\137\201\213\315\116\111\142\323\134\125}{section.6}% 19
\BOOKMARK [2][-]{subsection.6.3}{\376\377\123\344\213\327\145\207\165\037\142\020}{section.6}% 20
\BOOKMARK [2][-]{subsection.6.4}{\376\377\163\260\116\343\213\327\165\037\142\020}{section.6}% 21
\BOOKMARK [1][-]{section.7}{\376\377\230\171\166\356\122\006\135\345}{}% 22
